<?xml version="1.0" encoding="UTF-8"?>
<!-- Generated by org.testng.reporters.JUnitXMLReporter -->
<testsuite ignored="2" hostname="DESKTOP-LEEFA11" failures="2" tests="2" name="Default test(failed)" time="0.051" errors="0" timestamp="2023-11-23T13:39:19 IST">
  <testcase classname="org.subname1.Home1" name="t200" time="0.0">
    <failure type="org.testng.TestNGException" message="
Parameter &amp;apos;Password&amp;apos; is required by @Test on method t200 but has not been marked @Optional or defined
in C:\Users\hp\eclipse-workspace\Maven\test-output\testng-failed.xml">
      <![CDATA[org.testng.TestNGException: 
Parameter 'Password' is required by @Test on method t200 but has not been marked @Optional or defined
in C:\Users\hp\eclipse-workspace\Maven\test-output\testng-failed.xml
at java.base/java.util.ArrayList.forEach(ArrayList.java:1511)
... Removed 26 stack frames]]>
    </failure>
  </testcase> <!-- t200 -->
  <testcase classname="org.subname1.Home1" name="t200" time="0.0">
    <failure type="org.testng.TestNGException" message="
Parameter &amp;apos;Password&amp;apos; is required by @Test on method t200 but has not been marked @Optional or defined
in C:\Users\hp\eclipse-workspace\Maven\test-output\testng-failed.xml">
      <![CDATA[org.testng.TestNGException: 
Parameter 'Password' is required by @Test on method t200 but has not been marked @Optional or defined
in C:\Users\hp\eclipse-workspace\Maven\test-output\testng-failed.xml
at java.base/java.util.ArrayList.forEach(ArrayList.java:1511)
... Removed 26 stack frames]]>
    </failure>
  </testcase> <!-- t200 -->
  <testcase classname="org.subname1.Home1" name="t300" time="0.0">
    <ignored/>
  </testcase> <!-- t300 -->
  <testcase classname="org.subname1.Home1" name="t100" time="0.0">
    <ignored/>
  </testcase> <!-- t100 -->
</testsuite> <!-- Default test(failed) -->
