<?xml version="1.0" encoding="UTF-8"?>
<!-- Generated by org.testng.reporters.JUnitXMLReporter -->
<testsuite ignored="1" hostname="DESKTOP-LEEFA11" failures="2" tests="10" name="Default test" time="0.269" errors="0" timestamp="2023-11-24T16:25:35 IST">
  <testcase classname="org.subname1.Home2" name="t10" time="0.018"/>
  <testcase classname="org.subname1.Home1" name="t100" time="0.011"/>
  <testcase classname="org.subname1.Home1" name="t100" time="0.001"/>
  <testcase classname="org.subname1.Home1" name="t100" time="0.003"/>
  <testcase classname="org.subname1.Home1" name="t100" time="0.005"/>
  <testcase classname="org.subname1.Home1" name="t100" time="0.005"/>
  <testcase classname="org.subname1.Home1" name="t300" time="0.011"/>
  <testcase classname="org.subname1.Home1" name="t200" time="0.0">
    <failure type="org.testng.TestNGException" message="
Parameter &amp;apos;Password&amp;apos; is required by @Test on method t200 but has not been marked @Optional or defined
in C:\Users\hp\AppData\Local\Temp\testng-eclipse-1086594756\testng-customsuite.xml">
      <![CDATA[org.testng.TestNGException: 
Parameter 'Password' is required by @Test on method t200 but has not been marked @Optional or defined
in C:\Users\hp\AppData\Local\Temp\testng-eclipse-1086594756\testng-customsuite.xml
at org.testng.internal.Parameters.createParams(Parameters.java:267)
at org.testng.internal.Parameters.createParametersForMethod(Parameters.java:355)
at org.testng.internal.Parameters.createParameters(Parameters.java:684)
at org.testng.internal.Parameters.handleParameters(Parameters.java:879)
at org.testng.internal.Parameters.handleParameters(Parameters.java:728)
at org.testng.internal.invokers.ParameterHandler.handleParameters(ParameterHandler.java:72)
at org.testng.internal.invokers.ParameterHandler.createParameters(ParameterHandler.java:51)
at org.testng.internal.invokers.TestInvoker$MethodInvocationAgent.invoke(TestInvoker.java:911)
at org.testng.internal.invokers.TestInvoker.invokeTestMethods(TestInvoker.java:200)
at org.testng.internal.invokers.TestMethodWorker.invokeTestMethods(TestMethodWorker.java:148)
at org.testng.internal.invokers.TestMethodWorker.run(TestMethodWorker.java:128)
at java.base/java.util.ArrayList.forEach(ArrayList.java:1511)
at org.testng.TestRunner.privateRun(TestRunner.java:848)
at org.testng.TestRunner.run(TestRunner.java:621)
at org.testng.SuiteRunner.runTest(SuiteRunner.java:443)
at org.testng.SuiteRunner.runSequentially(SuiteRunner.java:437)
at org.testng.SuiteRunner.privateRun(SuiteRunner.java:397)
at org.testng.SuiteRunner.run(SuiteRunner.java:336)
at org.testng.SuiteRunnerWorker.runSuite(SuiteRunnerWorker.java:52)
at org.testng.SuiteRunnerWorker.run(SuiteRunnerWorker.java:95)
at org.testng.TestNG.runSuitesSequentially(TestNG.java:1280)
at org.testng.TestNG.runSuitesLocally(TestNG.java:1200)
at org.testng.TestNG.runSuites(TestNG.java:1114)
at org.testng.TestNG.run(TestNG.java:1082)
at org.testng.remote.AbstractRemoteTestNG.run(AbstractRemoteTestNG.java:115)
at org.testng.remote.RemoteTestNG.initAndRun(RemoteTestNG.java:251)
at org.testng.remote.RemoteTestNG.main(RemoteTestNG.java:77)
]]>
    </failure>
  </testcase> <!-- t200 -->
  <testcase classname="org.subname1.Home1" name="t200" time="0.0">
    <failure type="org.testng.TestNGException" message="
Parameter &amp;apos;Password&amp;apos; is required by @Test on method t200 but has not been marked @Optional or defined
in C:\Users\hp\AppData\Local\Temp\testng-eclipse-1086594756\testng-customsuite.xml">
      <![CDATA[org.testng.TestNGException: 
Parameter 'Password' is required by @Test on method t200 but has not been marked @Optional or defined
in C:\Users\hp\AppData\Local\Temp\testng-eclipse-1086594756\testng-customsuite.xml
at org.testng.internal.Parameters.createParams(Parameters.java:267)
at org.testng.internal.Parameters.createParametersForMethod(Parameters.java:355)
at org.testng.internal.Parameters.createParameters(Parameters.java:684)
at org.testng.internal.Parameters.handleParameters(Parameters.java:879)
at org.testng.internal.Parameters.handleParameters(Parameters.java:728)
at org.testng.internal.invokers.ParameterHandler.handleParameters(ParameterHandler.java:72)
at org.testng.internal.invokers.ParameterHandler.createParameters(ParameterHandler.java:51)
at org.testng.internal.invokers.TestInvoker$MethodInvocationAgent.invoke(TestInvoker.java:911)
at org.testng.internal.invokers.TestInvoker.invokeTestMethods(TestInvoker.java:200)
at org.testng.internal.invokers.TestMethodWorker.invokeTestMethods(TestMethodWorker.java:148)
at org.testng.internal.invokers.TestMethodWorker.run(TestMethodWorker.java:128)
at java.base/java.util.ArrayList.forEach(ArrayList.java:1511)
at org.testng.TestRunner.privateRun(TestRunner.java:848)
at org.testng.TestRunner.run(TestRunner.java:621)
at org.testng.SuiteRunner.runTest(SuiteRunner.java:443)
at org.testng.SuiteRunner.runSequentially(SuiteRunner.java:437)
at org.testng.SuiteRunner.privateRun(SuiteRunner.java:397)
at org.testng.SuiteRunner.run(SuiteRunner.java:336)
at org.testng.SuiteRunnerWorker.runSuite(SuiteRunnerWorker.java:52)
at org.testng.SuiteRunnerWorker.run(SuiteRunnerWorker.java:95)
at org.testng.TestNG.runSuitesSequentially(TestNG.java:1280)
at org.testng.TestNG.runSuitesLocally(TestNG.java:1200)
at org.testng.TestNG.runSuites(TestNG.java:1114)
at org.testng.TestNG.run(TestNG.java:1082)
at org.testng.remote.AbstractRemoteTestNG.run(AbstractRemoteTestNG.java:115)
at org.testng.remote.RemoteTestNG.initAndRun(RemoteTestNG.java:251)
at org.testng.remote.RemoteTestNG.main(RemoteTestNG.java:77)
]]>
    </failure>
  </testcase> <!-- t200 -->
  <testcase classname="org.subname1.Home2" name="t30" time="0.013"/>
  <testcase classname="org.subname1.Home2" name="t20" time="0.0">
    <ignored/>
  </testcase> <!-- t20 -->
</testsuite> <!-- Default test -->
